#
# There is insufficient memory for the Java Runtime Environment to continue.
# Native memory allocation (mmap) failed to map 134217728 bytes for Failed to commit area from 0x0000000081400000 to 0x0000000089400000 of length 134217728.
# Possible reasons:
#   The system is out of physical RAM or swap space
#   The process is running with CompressedOops enabled, and the Java Heap may be blocking the growth of the native heap
# Possible solutions:
#   Reduce memory load on the system
#   Increase physical memory or swap space
#   Check if swap backing store is full
#   Decrease Java heap size (-Xmx/-Xms)
#   Decrease number of Java threads
#   Decrease Java thread stack sizes (-Xss)
#   Set larger code cache with -XX:ReservedCodeCacheSize=
# This output file may be truncated or incomplete.
#
#  Out of Memory Error (t:/workspace/open/src/hotspot/os/windows/os_windows.cpp:3274), pid=17768, tid=20156
#
# JRE version:  (11.0.5+10) (build )
# Java VM: Java HotSpot(TM) 64-Bit Server VM (11.0.5+10-LTS, mixed mode, aot, sharing, tiered, compressed oops, g1 gc, windows-amd64)
# No core dump will be written. Minidumps are not enabled by default on client versions of Windows
#

---------------  S U M M A R Y ------------

Command Line: com.mycompany.projetopoo.CISUC

Host: Intel(R) Core(TM) i5-8600K CPU @ 3.60GHz, 6 cores, 7G,  Windows 10 , 64 bit Build 18362 (10.0.18362.329)
Time: Wed Dec 11 12:48:13 2019 Hora padrão de GMT elapsed time: 0 seconds (0d 0h 0m 0s)

---------------  T H R E A D  ---------------

Current thread (0x00000284484d1000):  JavaThread "Unknown thread" [_thread_in_vm, id=20156, stack(0x000000dddf400000,0x000000dddf500000)]

Stack: [0x000000dddf400000,0x000000dddf500000]
Native frames: (J=compiled Java code, j=interpreted, Vv=VM code, C=native code)
V  [jvm.dll+0x63611a]
V  [jvm.dll+0x77426f]
V  [jvm.dll+0x77591a]
V  [jvm.dll+0x775fd3]
V  [jvm.dll+0x25e608]
V  [jvm.dll+0x6335ca]
V  [jvm.dll+0x627f85]
V  [jvm.dll+0x314ecc]
V  [jvm.dll+0x314d52]
V  [jvm.dll+0x31a5c6]
V  [jvm.dll+0x3666bf]
V  [jvm.dll+0x3660e0]
V  [jvm.dll+0x2f1c48]
V  [jvm.dll+0x2f2db6]
V  [jvm.dll+0x74d437]
V  [jvm.dll+0x74ebaf]
V  [jvm.dll+0x3734f9]
V  [jvm.dll+0x733ae9]
V  [jvm.dll+0x3e2e1d]
V  [jvm.dll+0x3e51e1]
C  [java.exe+0x3607]
C  [java.exe+0x178dc]
C  [KERNEL32.DLL+0x17bd4]
C  [ntdll.dll+0x6ced1]


---------------  P R O C E S S  ---------------

Threads class SMR info:
_java_thread_list=0x0000028446285bf0, length=0, elements={
}

Java Threads: ( => current thread )

Other Threads:
  0x00000284484e9800 GCTaskThread "GC Thread#0" [stack: 0x000000dddf500000,0x000000dddf600000] [id=7224]
  0x000002844851c000 ConcurrentGCThread "G1 Main Marker" [stack: 0x000000dddf600000,0x000000dddf700000] [id=3980]
  0x000002844851d000 ConcurrentGCThread "G1 Conc#0" [stack: 0x000000dddf700000,0x000000dddf800000] [id=6644]

[error occurred during error reporting (printing all threads), id 0xc0000005, EXCEPTION_ACCESS_VIOLATION (0xc0000005) at pc=0x00007ffd57640617]

VM state:not at safepoint (not fully initialized)

VM Mutex/Monitor currently owned by a thread:  ([mutex/lock_event])
[0x00000284484cfd10] Heap_lock - owner thread: 0x00000284484d1000

Heap address: 0x0000000081400000, size: 2028 MB, Compressed Oops mode: Non-zero based: 0x0000000081400000
Narrow klass base: 0x0000000000000000, Narrow klass shift: 0

GC Heap History (0 events):
No events

Deoptimization events (0 events):
No events

Classes redefined (0 events):
No events

Internal exceptions (0 events):
No events

Events (0 events):
No events


Dynamic libraries:
0x00007ff6050c0000 - 0x00007ff605107000 	E:\JDK\bin\java.exe
0x00007ffd9a1e0000 - 0x00007ffd9a3d0000 	C:\WINDOWS\SYSTEM32\ntdll.dll
0x00007ffd983a0000 - 0x00007ffd98452000 	C:\WINDOWS\System32\KERNEL32.DLL
0x00007ffd97520000 - 0x00007ffd977c3000 	C:\WINDOWS\System32\KERNELBASE.dll
0x00007ffd98290000 - 0x00007ffd98333000 	C:\WINDOWS\System32\ADVAPI32.dll
0x00007ffd98570000 - 0x00007ffd9860e000 	C:\WINDOWS\System32\msvcrt.dll
0x00007ffd99b20000 - 0x00007ffd99bb7000 	C:\WINDOWS\System32\sechost.dll
0x00007ffd99830000 - 0x00007ffd99950000 	C:\WINDOWS\System32\RPCRT4.dll
0x00007ffd99d40000 - 0x00007ffd99ed4000 	C:\WINDOWS\System32\USER32.dll
0x00007ffd978c0000 - 0x00007ffd978e1000 	C:\WINDOWS\System32\win32u.dll
0x00007ffd99bc0000 - 0x00007ffd99be6000 	C:\WINDOWS\System32\GDI32.dll
0x00007ffd98070000 - 0x00007ffd98204000 	C:\WINDOWS\System32\gdi32full.dll
0x00007ffd97820000 - 0x00007ffd978be000 	C:\WINDOWS\System32\msvcp_win.dll
0x00007ffd97420000 - 0x00007ffd9751a000 	C:\WINDOWS\System32\ucrtbase.dll
0x00007ffd88d20000 - 0x00007ffd88fa5000 	C:\WINDOWS\WinSxS\amd64_microsoft.windows.common-controls_6595b64144ccf1df_6.0.18362.476_none_e6c4b11b130f2595\COMCTL32.dll
0x00007ffd91060000 - 0x00007ffd9106a000 	C:\WINDOWS\SYSTEM32\VERSION.dll
0x00007ffd98770000 - 0x00007ffd98aa6000 	C:\WINDOWS\System32\combase.dll
0x00007ffd973a0000 - 0x00007ffd97420000 	C:\WINDOWS\System32\bcryptPrimitives.dll
0x00007ffd99f40000 - 0x00007ffd99f6e000 	C:\WINDOWS\System32\IMM32.DLL
0x00007ffd90300000 - 0x00007ffd90316000 	E:\JDK\bin\vcruntime140.dll
0x00007ffd742a0000 - 0x00007ffd7434a000 	E:\JDK\bin\msvcp140.dll
0x00007ffd57340000 - 0x00007ffd57e68000 	E:\JDK\bin\server\jvm.dll
0x00007ffd99d30000 - 0x00007ffd99d38000 	C:\WINDOWS\System32\PSAPI.DLL
0x00007ffd93d70000 - 0x00007ffd93d94000 	C:\WINDOWS\SYSTEM32\WINMM.dll
0x00007ffd90320000 - 0x00007ffd90329000 	C:\WINDOWS\SYSTEM32\WSOCK32.dll
0x0000028447c40000 - 0x0000028447caf000 	C:\WINDOWS\System32\ws2_32.DLL
0x00007ffd93d40000 - 0x00007ffd93d6d000 	C:\WINDOWS\SYSTEM32\WINMMBASE.dll
0x00007ffd977d0000 - 0x00007ffd9781a000 	C:\WINDOWS\System32\cfgmgr32.dll
0x00007ffd970e0000 - 0x00007ffd970f1000 	C:\WINDOWS\System32\kernel.appcore.dll
0x00007ffd90270000 - 0x00007ffd90281000 	E:\JDK\bin\verify.dll
0x00007ffd8a180000 - 0x00007ffd8a374000 	C:\WINDOWS\SYSTEM32\DBGHELP.DLL
0x00007ffd84ae0000 - 0x00007ffd84b0a000 	C:\WINDOWS\SYSTEM32\dbgcore.DLL
0x00007ffd90290000 - 0x00007ffd902b9000 	E:\JDK\bin\java.dll
0x00007ffd8e0f0000 - 0x00007ffd8e106000 	E:\JDK\bin\zip.dll
0x00007ffd87b10000 - 0x00007ffd87b1a000 	E:\JDK\bin\jimage.dll

dbghelp: loaded successfully - version: 4.0.5 - missing functions: none
symbol engine: initialized successfully - sym options: 0x614 - pdb path: .;E:\JDK\bin;C:\WINDOWS\SYSTEM32;C:\WINDOWS\WinSxS\amd64_microsoft.windows.common-controls_6595b64144ccf1df_6.0.18362.476_none_e6c4b11b130f2595;E:\JDK\bin\server

VM Arguments:
java_command: com.mycompany.projetopoo.CISUC
java_class_path (initial): C:\Users\User\Documents\GitHub\ProjetoPOO\target\classes;C:\Users\User\.m2\repository\group\id\artifact.id\1.0\artifact.id-1.0.jar
Launcher Type: SUN_STANDARD

[Global flags]
     intx CICompilerCount                          = 3                                         {product} {ergonomic}
     uint ConcGCThreads                            = 2                                         {product} {ergonomic}
     uint G1ConcRefinementThreads                  = 6                                         {product} {ergonomic}
   size_t G1HeapRegionSize                         = 1048576                                   {product} {ergonomic}
    uintx GCDrainStackTargetSize                   = 64                                        {product} {ergonomic}
   size_t InitialHeapSize                          = 134217728                                 {product} {ergonomic}
   size_t MarkStackSize                            = 4194304                                   {product} {ergonomic}
   size_t MaxHeapSize                              = 2126512128                                {product} {ergonomic}
   size_t MinHeapDeltaBytes                        = 1048576                                   {product} {ergonomic}
    uintx NonNMethodCodeHeapSize                   = 5830732                                {pd product} {ergonomic}
    uintx NonProfiledCodeHeapSize                  = 122913754                              {pd product} {ergonomic}
    uintx ProfiledCodeHeapSize                     = 122913754                              {pd product} {ergonomic}
    uintx ReservedCodeCacheSize                    = 251658240                              {pd product} {ergonomic}
     bool SegmentedCodeCache                       = true                                      {product} {ergonomic}
     bool UseCompressedClassPointers               = true                                 {lp64_product} {ergonomic}
     bool UseCompressedOops                        = true                                 {lp64_product} {ergonomic}
     bool UseG1GC                                  = true                                      {product} {ergonomic}
     bool UseLargePagesIndividualAllocation        = false                                  {pd product} {ergonomic}

Logging:
Log output configuration:
 #0: stdout all=warning uptime,level,tags
 #1: stderr all=off uptime,level,tags

Environment Variables:
JAVA_HOME=E:\JDK
PATH=C:\Program Files (x86)\NVIDIA Corporation\PhysX\Common;C:\Program Files (x86)\Razer Chroma SDK\bin;C:\Program Files\Razer Chroma SDK\bin;C:\Program Files (x86)\Intel\Intel(R) Management Engine Components\iCLS\;C:\Program Files\Intel\Intel(R) Management Engine Components\iCLS\;C:\Program Files (x86)\Common Files\Oracle\Java\javapath;C:\Windows\system32;C:\Windows;C:\Windows\System32\Wbem;C:\Windows\System32\WindowsPowerShell\v1.0\;C:\Program Files (x86)\Intel\Intel(R) Management Engine Components\DAL;C:\Program Files\Intel\Intel(R) Management Engine Components\DAL;C:\Program Files (x86)\Intel\Intel(R) Management Engine Components\IPT;C:\Program Files\Intel\Intel(R) Management Engine Components\IPT;C:\Users\User\AppData\Local\Microsoft\WindowsApps;C:\WINDOWS\system32;C:\WINDOWS;C:\WINDOWS\System32\Wbem;C:\WINDOWS\System32\WindowsPowerShell\v1.0\;C:\WINDOWS\System32\OpenSSH\;C:\Program Files\PuTTY\;C:\Users\User\AppData\Local\Microsoft\WindowsApps;E:\Microsoft VS Code\bin;C:\Users\User\AppData\Local\GitHubDesktop\bin
USERNAME=User
OS=Windows_NT
PROCESSOR_IDENTIFIER=Intel64 Family 6 Model 158 Stepping 10, GenuineIntel



---------------  S Y S T E M  ---------------

OS: Windows 10 , 64 bit Build 18362 (10.0.18362.329)

CPU:total 6 (initial active 6) (6 cores per cpu, 1 threads per core) family 6 model 158 stepping 10, cmov, cx8, fxsr, mmx, sse, sse2, sse3, ssse3, sse4.1, sse4.2, popcnt, avx, avx2, aes, clmul, erms, rtm, 3dnowpref, lzcnt, tsc, tscinvbit, bmi1, bmi2, adx, fma

Memory: 4k page, system-wide physical 8108M (416M free)
TotalPageFile size 22415M (AvailPageFile size 29M)
current process WorkingSet (physical memory assigned to process): 9M, peak: 9M
current process commit charge ("private bytes"): 56M, peak: 184M

vm_info: Java HotSpot(TM) 64-Bit Server VM (11.0.5+10-LTS) for windows-amd64 JRE (11.0.5+10-LTS), built on Oct  6 2019 12:37:14 by "mach5one" with MS VC++ 15.5 (VS2017)

END.
