#
# There is insufficient memory for the Java Runtime Environment to continue.
# Native memory allocation (malloc) failed to allocate 446032 bytes for Chunk::new
# Possible reasons:
#   The system is out of physical RAM or swap space
#   The process is running with CompressedOops enabled, and the Java Heap may be blocking the growth of the native heap
# Possible solutions:
#   Reduce memory load on the system
#   Increase physical memory or swap space
#   Check if swap backing store is full
#   Decrease Java heap size (-Xmx/-Xms)
#   Decrease number of Java threads
#   Decrease Java thread stack sizes (-Xss)
#   Set larger code cache with -XX:ReservedCodeCacheSize=
#   JVM is running with Unscaled Compressed Oops mode in which the Java heap is
#     placed in the first 4GB address space. The Java Heap base address is the
#     maximum limit for the native heap growth. Please use -XX:HeapBaseMinAddress
#     to set the Java Heap base and to place the Java Heap above 4GB virtual address.
# This output file may be truncated or incomplete.
#
#  Out of Memory Error (t:/workspace/open/src/hotspot/share/memory/arena.cpp:197), pid=20216, tid=18508
#
# JRE version: Java(TM) SE Runtime Environment (11.0.5+10) (build 11.0.5+10-LTS)
# Java VM: Java HotSpot(TM) 64-Bit Server VM (11.0.5+10-LTS, mixed mode, tiered, compressed oops, g1 gc, windows-amd64)
# No core dump will be written. Minidumps are not enabled by default on client versions of Windows
#

---------------  S U M M A R Y ------------

Command Line: -Dclassworlds.conf=E:\NetBeans-11.2\netbeans\java\maven\bin\m2.conf -Dmaven.home=E:\NetBeans-11.2\netbeans\java\maven -Dmaven.multiModuleProjectDirectory=C:\Users\User\Documents\GitHub\ProjetoPOO org.codehaus.plexus.classworlds.launcher.Launcher -Dexec.args=-classpath %classpath com.mycompany.projetopoo.CISUC -Dexec.executable=E:\JDK\bin\java.exe -Dmaven.ext.class.path=E:\NetBeans-11.2\netbeans\java\maven-nblib\netbeans-eventspy.jar -Dfile.encoding=UTF-8 process-classes org.codehaus.mojo:exec-maven-plugin:1.5.0:exec

Host: Intel(R) Core(TM) i5-8600K CPU @ 3.60GHz, 6 cores, 7G,  Windows 10 , 64 bit Build 18362 (10.0.18362.329)
Time: Wed Dec 11 13:03:42 2019 Hora padrão de GMT elapsed time: 2 seconds (0d 0h 0m 2s)

---------------  T H R E A D  ---------------

Current thread (0x000002d9695b0000):  JavaThread "C2 CompilerThread1" daemon [_thread_in_native, id=18508, stack(0x000000e7be400000,0x000000e7be500000)]


Current CompileTask:
C2:   2057 4546       4       com.sun.tools.javac.jvm.ClassReader::sigToType (880 bytes)

Stack: [0x000000e7be400000,0x000000e7be500000]
Native frames: (J=compiled Java code, j=interpreted, Vv=VM code, C=native code)
V  [jvm.dll+0x63611a]
V  [jvm.dll+0x77426f]
V  [jvm.dll+0x77591a]
V  [jvm.dll+0x775fd3]
V  [jvm.dll+0x25e608]
V  [jvm.dll+0xc1f31]
V  [jvm.dll+0xc24bc]
V  [jvm.dll+0x5c9cf7]
V  [jvm.dll+0x5c8bce]
V  [jvm.dll+0x21832d]
V  [jvm.dll+0x21762a]
V  [jvm.dll+0x1941bc]
V  [jvm.dll+0x226684]
V  [jvm.dll+0x224c78]
V  [jvm.dll+0x7396cd]
V  [jvm.dll+0x6351c2]
C  [ucrtbase.dll+0x20e72]
C  [KERNEL32.DLL+0x17bd4]
C  [ntdll.dll+0x6ced1]


---------------  P R O C E S S  ---------------

Threads class SMR info:
_java_thread_list=0x000002d9696df470, length=11, elements={
0x000002d949ac5800, 0x000002d9682ea800, 0x000002d9682eb800, 0x000002d968308800,
0x000002d968309000, 0x000002d96830c000, 0x000002d968310000, 0x000002d968313000,
0x000002d968de8000, 0x000002d968df1800, 0x000002d9695b0000
}

Java Threads: ( => current thread )
  0x000002d949ac5800 JavaThread "main" [_thread_blocked, id=148, stack(0x000000e7bd300000,0x000000e7bd400000)]
  0x000002d9682ea800 JavaThread "Reference Handler" daemon [_thread_blocked, id=5944, stack(0x000000e7bda00000,0x000000e7bdb00000)]
  0x000002d9682eb800 JavaThread "Finalizer" daemon [_thread_blocked, id=14876, stack(0x000000e7bdb00000,0x000000e7bdc00000)]
  0x000002d968308800 JavaThread "Signal Dispatcher" daemon [_thread_blocked, id=10268, stack(0x000000e7bdc00000,0x000000e7bdd00000)]
  0x000002d968309000 JavaThread "Attach Listener" daemon [_thread_blocked, id=1324, stack(0x000000e7bdd00000,0x000000e7bde00000)]
  0x000002d96830c000 JavaThread "C2 CompilerThread0" daemon [_thread_in_native, id=4696, stack(0x000000e7bde00000,0x000000e7bdf00000)]
  0x000002d968310000 JavaThread "C1 CompilerThread0" daemon [_thread_in_vm, id=11764, stack(0x000000e7bdf00000,0x000000e7be000000)]
  0x000002d968313000 JavaThread "Sweeper thread" daemon [_thread_blocked, id=8320, stack(0x000000e7be000000,0x000000e7be100000)]
  0x000002d968de8000 JavaThread "Service Thread" daemon [_thread_blocked, id=1984, stack(0x000000e7be100000,0x000000e7be200000)]
  0x000002d968df1800 JavaThread "Common-Cleaner" daemon [_thread_blocked, id=18516, stack(0x000000e7be300000,0x000000e7be400000)]
=>0x000002d9695b0000 JavaThread "C2 CompilerThread1" daemon [_thread_in_native, id=18508, stack(0x000000e7be400000,0x000000e7be500000)]

Other Threads:
  0x000002d9682c8000 VMThread "VM Thread" [stack: 0x000000e7bd900000,0x000000e7bda00000] [id=17868]
  0x000002d968dee800 WatcherThread [stack: 0x000000e7be200000,0x000000e7be300000] [id=20080]
  0x000002d949adf000 GCTaskThread "GC Thread#0" [stack: 0x000000e7bd400000,0x000000e7bd500000] [id=20368]
  0x000002d969ce7000 GCTaskThread "GC Thread#1" [stack: 0x000000e7be500000,0x000000e7be600000] [id=12516]
  0x000002d969fe5800 GCTaskThread "GC Thread#2" [stack: 0x000000e7be600000,0x000000e7be700000] [id=20268]
  0x000002d949b0f800 ConcurrentGCThread "G1 Main Marker" [stack: 0x000000e7bd500000,0x000000e7bd600000] [id=14952]
  0x000002d949b11000 ConcurrentGCThread "G1 Conc#0" [stack: 0x000000e7bd600000,0x000000e7bd700000] [id=2152]
  0x000002d96a0ed000 ConcurrentGCThread "G1 Conc#1" [stack: 0x000000e7be700000,0x000000e7be800000] [id=19268]
  0x000002d968130800 ConcurrentGCThread "G1 Refine#0" [stack: 0x000000e7bd700000,0x000000e7bd800000] [id=9640]
  0x000002d96be4e000 ConcurrentGCThread "G1 Refine#1" [stack: 0x000000e7be800000,0x000000e7be900000] [id=15908]
  0x000002d969ed2000 ConcurrentGCThread "G1 Refine#2" [stack: 0x000000e7be900000,0x000000e7bea00000] [id=10392]
  0x000002d968131800 ConcurrentGCThread "G1 Young RemSet Sampling" [stack: 0x000000e7bd800000,0x000000e7bd900000] [id=20024]

Threads with active compile tasks:
C2 CompilerThread03904   !   4       com.sun.tools.javac.jvm.ClassReader::classSigToType (498 bytes)
C1 CompilerThread04639       3       com.sun.tools.javac.jvm.Gen::setTypeAnnotationPositions (343 bytes)
C2 CompilerThread14546       4       com.sun.tools.javac.jvm.ClassReader::sigToType (880 bytes)

VM state:synchronizing (normal execution)

VM Mutex/Monitor currently owned by a thread:  ([mutex/lock_event])
[0x000002d949ac2b10] Threads_lock - owner thread: 0x000002d9682c8000

Heap address: 0x0000000081400000, size: 2028 MB, Compressed Oops mode: 32-bit
Narrow klass base: 0x0000000000000000, Narrow klass shift: 3
Compressed class space size: 1073741824 Address: 0x0000000100000000

Heap:
 garbage-first heap   total 131072K, used 23344K [0x0000000081400000, 0x0000000100000000)
  region size 1024K, 18 young (18432K), 10 survivors (10240K)
 Metaspace       used 31654K, capacity 32311K, committed 32560K, reserved 1079296K
  class space    used 3455K, capacity 3687K, committed 3712K, reserved 1048576K
Heap Regions: E=young(eden), S=young(survivor), O=old, HS=humongous(starts), HC=humongous(continues), CS=collection set, F=free, A=archive, TAMS=top-at-mark-start (previous, next)
|   0|0x0000000081400000, 0x0000000081500000, 0x0000000081500000|100%| O|  |TAMS 0x0000000081436c00, 0x0000000081400000| Untracked 
|   1|0x0000000081500000, 0x0000000081600000, 0x0000000081600000|100%| O|  |TAMS 0x0000000081500000, 0x0000000081500000| Untracked 
|   2|0x0000000081600000, 0x0000000081700000, 0x0000000081700000|100%| O|  |TAMS 0x0000000081600000, 0x0000000081600000| Untracked 
|   3|0x0000000081700000, 0x0000000081800000, 0x0000000081800000|100%| O|  |TAMS 0x0000000081700000, 0x0000000081700000| Untracked 
|   4|0x0000000081800000, 0x0000000081900000, 0x0000000081900000|100%| O|  |TAMS 0x0000000081800000, 0x0000000081800000| Untracked 
|   5|0x0000000081900000, 0x00000000819cc200, 0x0000000081a00000| 79%| O|  |TAMS 0x0000000081900000, 0x0000000081900000| Untracked 
|   6|0x0000000081a00000, 0x0000000081a00000, 0x0000000081b00000|  0%| F|  |TAMS 0x0000000081a00000, 0x0000000081a00000| Untracked 
|   7|0x0000000081b00000, 0x0000000081b00000, 0x0000000081c00000|  0%| F|  |TAMS 0x0000000081b00000, 0x0000000081b00000| Untracked 
|   8|0x0000000081c00000, 0x0000000081c00000, 0x0000000081d00000|  0%| F|  |TAMS 0x0000000081c00000, 0x0000000081c00000| Untracked 
|   9|0x0000000081d00000, 0x0000000081d00000, 0x0000000081e00000|  0%| F|  |TAMS 0x0000000081d00000, 0x0000000081d00000| Untracked 
|  10|0x0000000081e00000, 0x0000000081e00000, 0x0000000081f00000|  0%| F|  |TAMS 0x0000000081e00000, 0x0000000081e00000| Untracked 
|  11|0x0000000081f00000, 0x0000000081f00000, 0x0000000082000000|  0%| F|  |TAMS 0x0000000081f00000, 0x0000000081f00000| Untracked 
|  12|0x0000000082000000, 0x0000000082000000, 0x0000000082100000|  0%| F|  |TAMS 0x0000000082000000, 0x0000000082000000| Untracked 
|  13|0x0000000082100000, 0x0000000082100000, 0x0000000082200000|  0%| F|  |TAMS 0x0000000082100000, 0x0000000082100000| Untracked 
|  14|0x0000000082200000, 0x0000000082200000, 0x0000000082300000|  0%| F|  |TAMS 0x0000000082200000, 0x0000000082200000| Untracked 
|  15|0x0000000082300000, 0x0000000082300000, 0x0000000082400000|  0%| F|  |TAMS 0x0000000082300000, 0x0000000082300000| Untracked 
|  16|0x0000000082400000, 0x0000000082400000, 0x0000000082500000|  0%| F|  |TAMS 0x0000000082400000, 0x0000000082400000| Untracked 
|  17|0x0000000082500000, 0x0000000082500000, 0x0000000082600000|  0%| F|  |TAMS 0x0000000082500000, 0x0000000082500000| Untracked 
|  18|0x0000000082600000, 0x0000000082600000, 0x0000000082700000|  0%| F|  |TAMS 0x0000000082600000, 0x0000000082600000| Untracked 
|  19|0x0000000082700000, 0x0000000082700000, 0x0000000082800000|  0%| F|  |TAMS 0x0000000082700000, 0x0000000082700000| Untracked 
|  20|0x0000000082800000, 0x0000000082800000, 0x0000000082900000|  0%| F|  |TAMS 0x0000000082800000, 0x0000000082800000| Untracked 
|  21|0x0000000082900000, 0x0000000082900000, 0x0000000082a00000|  0%| F|  |TAMS 0x0000000082900000, 0x0000000082900000| Untracked 
|  22|0x0000000082a00000, 0x0000000082a00000, 0x0000000082b00000|  0%| F|  |TAMS 0x0000000082a00000, 0x0000000082a00000| Untracked 
|  23|0x0000000082b00000, 0x0000000082b00000, 0x0000000082c00000|  0%| F|  |TAMS 0x0000000082b00000, 0x0000000082b00000| Untracked 
|  24|0x0000000082c00000, 0x0000000082c00000, 0x0000000082d00000|  0%| F|  |TAMS 0x0000000082c00000, 0x0000000082c00000| Untracked 
|  25|0x0000000082d00000, 0x0000000082d00000, 0x0000000082e00000|  0%| F|  |TAMS 0x0000000082d00000, 0x0000000082d00000| Untracked 
|  26|0x0000000082e00000, 0x0000000082e00000, 0x0000000082f00000|  0%| F|  |TAMS 0x0000000082e00000, 0x0000000082e00000| Untracked 
|  27|0x0000000082f00000, 0x0000000082f00000, 0x0000000083000000|  0%| F|  |TAMS 0x0000000082f00000, 0x0000000082f00000| Untracked 
|  28|0x0000000083000000, 0x0000000083000000, 0x0000000083100000|  0%| F|  |TAMS 0x0000000083000000, 0x0000000083000000| Untracked 
|  29|0x0000000083100000, 0x0000000083100000, 0x0000000083200000|  0%| F|  |TAMS 0x0000000083100000, 0x0000000083100000| Untracked 
|  30|0x0000000083200000, 0x0000000083200000, 0x0000000083300000|  0%| F|  |TAMS 0x0000000083200000, 0x0000000083200000| Untracked 
|  31|0x0000000083300000, 0x0000000083300000, 0x0000000083400000|  0%| F|  |TAMS 0x0000000083300000, 0x0000000083300000| Untracked 
|  32|0x0000000083400000, 0x0000000083400000, 0x0000000083500000|  0%| F|  |TAMS 0x0000000083400000, 0x0000000083400000| Untracked 
|  33|0x0000000083500000, 0x0000000083500000, 0x0000000083600000|  0%| F|  |TAMS 0x0000000083500000, 0x0000000083500000| Untracked 
|  34|0x0000000083600000, 0x0000000083600000, 0x0000000083700000|  0%| F|  |TAMS 0x0000000083600000, 0x0000000083600000| Untracked 
|  35|0x0000000083700000, 0x0000000083700000, 0x0000000083800000|  0%| F|  |TAMS 0x0000000083700000, 0x0000000083700000| Untracked 
|  36|0x0000000083800000, 0x0000000083800000, 0x0000000083900000|  0%| F|  |TAMS 0x0000000083800000, 0x0000000083800000| Untracked 
|  37|0x0000000083900000, 0x0000000083900000, 0x0000000083a00000|  0%| F|  |TAMS 0x0000000083900000, 0x0000000083900000| Untracked 
|  38|0x0000000083a00000, 0x0000000083a00000, 0x0000000083b00000|  0%| F|  |TAMS 0x0000000083a00000, 0x0000000083a00000| Untracked 
|  39|0x0000000083b00000, 0x0000000083b00000, 0x0000000083c00000|  0%| F|  |TAMS 0x0000000083b00000, 0x0000000083b00000| Untracked 
|  40|0x0000000083c00000, 0x0000000083c00000, 0x0000000083d00000|  0%| F|  |TAMS 0x0000000083c00000, 0x0000000083c00000| Untracked 
|  41|0x0000000083d00000, 0x0000000083d00000, 0x0000000083e00000|  0%| F|  |TAMS 0x0000000083d00000, 0x0000000083d00000| Untracked 
|  42|0x0000000083e00000, 0x0000000083f00000, 0x0000000083f00000|100%| S|CS|TAMS 0x0000000083e00000, 0x0000000083e00000| Complete 
|  43|0x0000000083f00000, 0x0000000084000000, 0x0000000084000000|100%| S|CS|TAMS 0x0000000083f00000, 0x0000000083f00000| Complete 
|  44|0x0000000084000000, 0x0000000084100000, 0x0000000084100000|100%| S|CS|TAMS 0x0000000084000000, 0x0000000084000000| Complete 
|  45|0x0000000084100000, 0x0000000084200000, 0x0000000084200000|100%| S|CS|TAMS 0x0000000084100000, 0x0000000084100000| Complete 
|  46|0x0000000084200000, 0x0000000084300000, 0x0000000084300000|100%| S|CS|TAMS 0x0000000084200000, 0x0000000084200000| Complete 
|  47|0x0000000084300000, 0x0000000084400000, 0x0000000084400000|100%| S|CS|TAMS 0x0000000084300000, 0x0000000084300000| Complete 
|  48|0x0000000084400000, 0x0000000084500000, 0x0000000084500000|100%| S|CS|TAMS 0x0000000084400000, 0x0000000084400000| Complete 
|  49|0x0000000084500000, 0x0000000084600000, 0x0000000084600000|100%| S|CS|TAMS 0x0000000084500000, 0x0000000084500000| Complete 
|  50|0x0000000084600000, 0x0000000084700000, 0x0000000084700000|100%| S|CS|TAMS 0x0000000084600000, 0x0000000084600000| Complete 
|  51|0x0000000084700000, 0x0000000084800000, 0x0000000084800000|100%| S|CS|TAMS 0x0000000084700000, 0x0000000084700000| Complete 
|  52|0x0000000084800000, 0x0000000084800000, 0x0000000084900000|  0%| F|  |TAMS 0x0000000084800000, 0x0000000084800000| Untracked 
|  53|0x0000000084900000, 0x0000000084900000, 0x0000000084a00000|  0%| F|  |TAMS 0x0000000084900000, 0x0000000084900000| Untracked 
|  54|0x0000000084a00000, 0x0000000084a00000, 0x0000000084b00000|  0%| F|  |TAMS 0x0000000084a00000, 0x0000000084a00000| Untracked 
|  55|0x0000000084b00000, 0x0000000084b00000, 0x0000000084c00000|  0%| F|  |TAMS 0x0000000084b00000, 0x0000000084b00000| Untracked 
|  56|0x0000000084c00000, 0x0000000084c00000, 0x0000000084d00000|  0%| F|  |TAMS 0x0000000084c00000, 0x0000000084c00000| Untracked 
|  57|0x0000000084d00000, 0x0000000084d00000, 0x0000000084e00000|  0%| F|  |TAMS 0x0000000084d00000, 0x0000000084d00000| Untracked 
|  58|0x0000000084e00000, 0x0000000084e00000, 0x0000000084f00000|  0%| F|  |TAMS 0x0000000084e00000, 0x0000000084e00000| Untracked 
|  59|0x0000000084f00000, 0x0000000084f00000, 0x0000000085000000|  0%| F|  |TAMS 0x0000000084f00000, 0x0000000084f00000| Untracked 
|  60|0x0000000085000000, 0x0000000085000000, 0x0000000085100000|  0%| F|  |TAMS 0x0000000085000000, 0x0000000085000000| Untracked 
|  61|0x0000000085100000, 0x0000000085100000, 0x0000000085200000|  0%| F|  |TAMS 0x0000000085100000, 0x0000000085100000| Untracked 
|  62|0x0000000085200000, 0x0000000085200000, 0x0000000085300000|  0%| F|  |TAMS 0x0000000085200000, 0x0000000085200000| Untracked 
|  63|0x0000000085300000, 0x0000000085300000, 0x0000000085400000|  0%| F|  |TAMS 0x0000000085300000, 0x0000000085300000| Untracked 
|  64|0x0000000085400000, 0x0000000085400000, 0x0000000085500000|  0%| F|  |TAMS 0x0000000085400000, 0x0000000085400000| Untracked 
|  65|0x0000000085500000, 0x0000000085500000, 0x0000000085600000|  0%| F|  |TAMS 0x0000000085500000, 0x0000000085500000| Untracked 
|  66|0x0000000085600000, 0x0000000085600000, 0x0000000085700000|  0%| F|  |TAMS 0x0000000085600000, 0x0000000085600000| Untracked 
|  67|0x0000000085700000, 0x0000000085700000, 0x0000000085800000|  0%| F|  |TAMS 0x0000000085700000, 0x0000000085700000| Untracked 
|  68|0x0000000085800000, 0x0000000085800000, 0x0000000085900000|  0%| F|  |TAMS 0x0000000085800000, 0x0000000085800000| Untracked 
|  69|0x0000000085900000, 0x0000000085900000, 0x0000000085a00000|  0%| F|  |TAMS 0x0000000085900000, 0x0000000085900000| Untracked 
|  70|0x0000000085a00000, 0x0000000085a00000, 0x0000000085b00000|  0%| F|  |TAMS 0x0000000085a00000, 0x0000000085a00000| Untracked 
|  71|0x0000000085b00000, 0x0000000085b00000, 0x0000000085c00000|  0%| F|  |TAMS 0x0000000085b00000, 0x0000000085b00000| Untracked 
|  72|0x0000000085c00000, 0x0000000085c00000, 0x0000000085d00000|  0%| F|  |TAMS 0x0000000085c00000, 0x0000000085c00000| Untracked 
|  73|0x0000000085d00000, 0x0000000085d00000, 0x0000000085e00000|  0%| F|  |TAMS 0x0000000085d00000, 0x0000000085d00000| Untracked 
|  74|0x0000000085e00000, 0x0000000085e00000, 0x0000000085f00000|  0%| F|  |TAMS 0x0000000085e00000, 0x0000000085e00000| Untracked 
|  75|0x0000000085f00000, 0x0000000085f00000, 0x0000000086000000|  0%| F|  |TAMS 0x0000000085f00000, 0x0000000085f00000| Untracked 
|  76|0x0000000086000000, 0x0000000086000000, 0x0000000086100000|  0%| F|  |TAMS 0x0000000086000000, 0x0000000086000000| Untracked 
|  77|0x0000000086100000, 0x0000000086100000, 0x0000000086200000|  0%| F|  |TAMS 0x0000000086100000, 0x0000000086100000| Untracked 
|  78|0x0000000086200000, 0x0000000086200000, 0x0000000086300000|  0%| F|  |TAMS 0x0000000086200000, 0x0000000086200000| Untracked 
|  79|0x0000000086300000, 0x0000000086300000, 0x0000000086400000|  0%| F|  |TAMS 0x0000000086300000, 0x0000000086300000| Untracked 
|  80|0x0000000086400000, 0x0000000086400000, 0x0000000086500000|  0%| F|  |TAMS 0x0000000086400000, 0x0000000086400000| Untracked 
|  81|0x0000000086500000, 0x0000000086500000, 0x0000000086600000|  0%| F|  |TAMS 0x0000000086500000, 0x0000000086500000| Untracked 
|  82|0x0000000086600000, 0x0000000086600000, 0x0000000086700000|  0%| F|  |TAMS 0x0000000086600000, 0x0000000086600000| Untracked 
|  83|0x0000000086700000, 0x0000000086700000, 0x0000000086800000|  0%| F|  |TAMS 0x0000000086700000, 0x0000000086700000| Untracked 
|  84|0x0000000086800000, 0x0000000086800000, 0x0000000086900000|  0%| F|  |TAMS 0x0000000086800000, 0x0000000086800000| Untracked 
|  85|0x0000000086900000, 0x0000000086900000, 0x0000000086a00000|  0%| F|  |TAMS 0x0000000086900000, 0x0000000086900000| Untracked 
|  86|0x0000000086a00000, 0x0000000086a00000, 0x0000000086b00000|  0%| F|  |TAMS 0x0000000086a00000, 0x0000000086a00000| Untracked 
|  87|0x0000000086b00000, 0x0000000086b00000, 0x0000000086c00000|  0%| F|  |TAMS 0x0000000086b00000, 0x0000000086b00000| Untracked 
|  88|0x0000000086c00000, 0x0000000086c00000, 0x0000000086d00000|  0%| F|  |TAMS 0x0000000086c00000, 0x0000000086c00000| Untracked 
|  89|0x0000000086d00000, 0x0000000086d00000, 0x0000000086e00000|  0%| F|  |TAMS 0x0000000086d00000, 0x0000000086d00000| Untracked 
|  90|0x0000000086e00000, 0x0000000086e00000, 0x0000000086f00000|  0%| F|  |TAMS 0x0000000086e00000, 0x0000000086e00000| Untracked 
|  91|0x0000000086f00000, 0x0000000086f00000, 0x0000000087000000|  0%| F|  |TAMS 0x0000000086f00000, 0x0000000086f00000| Untracked 
|  92|0x0000000087000000, 0x0000000087000000, 0x0000000087100000|  0%| F|  |TAMS 0x0000000087000000, 0x0000000087000000| Untracked 
|  93|0x0000000087100000, 0x0000000087100000, 0x0000000087200000|  0%| F|  |TAMS 0x0000000087100000, 0x0000000087100000| Untracked 
|  94|0x0000000087200000, 0x0000000087200000, 0x0000000087300000|  0%| F|  |TAMS 0x0000000087200000, 0x0000000087200000| Untracked 
|  95|0x0000000087300000, 0x0000000087300000, 0x0000000087400000|  0%| F|  |TAMS 0x0000000087300000, 0x0000000087300000| Untracked 
|  96|0x0000000087400000, 0x0000000087400000, 0x0000000087500000|  0%| F|  |TAMS 0x0000000087400000, 0x0000000087400000| Untracked 
|  97|0x0000000087500000, 0x0000000087500000, 0x0000000087600000|  0%| F|  |TAMS 0x0000000087500000, 0x0000000087500000| Untracked 
|  98|0x0000000087600000, 0x0000000087600000, 0x0000000087700000|  0%| F|  |TAMS 0x0000000087600000, 0x0000000087600000| Untracked 
|  99|0x0000000087700000, 0x0000000087700000, 0x0000000087800000|  0%| F|  |TAMS 0x0000000087700000, 0x0000000087700000| Untracked 
| 100|0x0000000087800000, 0x0000000087800000, 0x0000000087900000|  0%| F|  |TAMS 0x0000000087800000, 0x0000000087800000| Untracked 
| 101|0x0000000087900000, 0x0000000087900000, 0x0000000087a00000|  0%| F|  |TAMS 0x0000000087900000, 0x0000000087900000| Untracked 
| 102|0x0000000087a00000, 0x0000000087a00000, 0x0000000087b00000|  0%| F|  |TAMS 0x0000000087a00000, 0x0000000087a00000| Untracked 
| 103|0x0000000087b00000, 0x0000000087b00000, 0x0000000087c00000|  0%| F|  |TAMS 0x0000000087b00000, 0x0000000087b00000| Untracked 
| 104|0x0000000087c00000, 0x0000000087c00000, 0x0000000087d00000|  0%| F|  |TAMS 0x0000000087c00000, 0x0000000087c00000| Untracked 
| 105|0x0000000087d00000, 0x0000000087d00000, 0x0000000087e00000|  0%| F|  |TAMS 0x0000000087d00000, 0x0000000087d00000| Untracked 
| 106|0x0000000087e00000, 0x0000000087e00000, 0x0000000087f00000|  0%| F|  |TAMS 0x0000000087e00000, 0x0000000087e00000| Untracked 
| 107|0x0000000087f00000, 0x0000000087f00000, 0x0000000088000000|  0%| F|  |TAMS 0x0000000087f00000, 0x0000000087f00000| Untracked 
| 108|0x0000000088000000, 0x0000000088000000, 0x0000000088100000|  0%| F|  |TAMS 0x0000000088000000, 0x0000000088000000| Untracked 
| 109|0x0000000088100000, 0x0000000088100000, 0x0000000088200000|  0%| F|  |TAMS 0x0000000088100000, 0x0000000088100000| Untracked 
| 110|0x0000000088200000, 0x0000000088200000, 0x0000000088300000|  0%| F|  |TAMS 0x0000000088200000, 0x0000000088200000| Untracked 
| 111|0x0000000088300000, 0x0000000088300000, 0x0000000088400000|  0%| F|  |TAMS 0x0000000088300000, 0x0000000088300000| Untracked 
| 112|0x0000000088400000, 0x0000000088400000, 0x0000000088500000|  0%| F|  |TAMS 0x0000000088400000, 0x0000000088400000| Untracked 
| 113|0x0000000088500000, 0x0000000088500000, 0x0000000088600000|  0%| F|  |TAMS 0x0000000088500000, 0x0000000088500000| Untracked 
| 114|0x0000000088600000, 0x0000000088600000, 0x0000000088700000|  0%| F|  |TAMS 0x0000000088600000, 0x0000000088600000| Untracked 
| 115|0x0000000088700000, 0x0000000088700000, 0x0000000088800000|  0%| F|  |TAMS 0x0000000088700000, 0x0000000088700000| Untracked 
| 116|0x0000000088800000, 0x0000000088800000, 0x0000000088900000|  0%| F|  |TAMS 0x0000000088800000, 0x0000000088800000| Untracked 
| 117|0x0000000088900000, 0x0000000088900000, 0x0000000088a00000|  0%| F|  |TAMS 0x0000000088900000, 0x0000000088900000| Untracked 
| 118|0x0000000088a00000, 0x0000000088a00000, 0x0000000088b00000|  0%| F|  |TAMS 0x0000000088a00000, 0x0000000088a00000| Untracked 
| 119|0x0000000088b00000, 0x0000000088b00000, 0x0000000088c00000|  0%| F|  |TAMS 0x0000000088b00000, 0x0000000088b00000| Untracked 
| 120|0x0000000088c00000, 0x0000000088d00000, 0x0000000088d00000|100%| E|  |TAMS 0x0000000088c00000, 0x0000000088c00000| Complete 
| 121|0x0000000088d00000, 0x0000000088e00000, 0x0000000088e00000|100%| E|CS|TAMS 0x0000000088d00000, 0x0000000088d00000| Complete 
| 122|0x0000000088e00000, 0x0000000088f00000, 0x0000000088f00000|100%| E|CS|TAMS 0x0000000088e00000, 0x0000000088e00000| Complete 
| 123|0x0000000088f00000, 0x0000000089000000, 0x0000000089000000|100%| E|CS|TAMS 0x0000000088f00000, 0x0000000088f00000| Complete 
| 124|0x0000000089000000, 0x0000000089100000, 0x0000000089100000|100%| E|CS|TAMS 0x0000000089000000, 0x0000000089000000| Complete 
| 125|0x0000000089100000, 0x0000000089200000, 0x0000000089200000|100%| E|CS|TAMS 0x0000000089100000, 0x0000000089100000| Complete 
| 126|0x0000000089200000, 0x0000000089300000, 0x0000000089300000|100%| E|CS|TAMS 0x0000000089200000, 0x0000000089200000| Complete 
| 127|0x0000000089300000, 0x0000000089400000, 0x0000000089400000|100%| E|CS|TAMS 0x0000000089300000, 0x0000000089300000| Complete 

Card table byte_map: [0x000002d961340000,0x000002d961740000] _byte_map_base: 0x000002d960f36000

Marking Bits (Prev, Next): (CMBitMap*) 0x000002d949b06cb0, (CMBitMap*) 0x000002d949b06c78
 Prev Bits: [0x000002d963af0000, 0x000002d965aa0000)
 Next Bits: [0x000002d961b40000, 0x000002d963af0000)

Polling page: 0x000002d947940000

Metaspace:

Usage:
  Non-class:     27.95 MB capacity,    27.54 MB ( 99%) used,   367.98 KB (  1%) free+waste,    57.06 KB ( <1%) overhead. 
      Class:      3.60 MB capacity,     3.37 MB ( 94%) used,   207.51 KB (  6%) free+waste,    24.38 KB ( <1%) overhead. 
       Both:     31.55 MB capacity,    30.91 MB ( 98%) used,   575.49 KB (  2%) free+waste,    81.44 KB ( <1%) overhead. 

Virtual space:
  Non-class space:       30.00 MB reserved,      28.17 MB ( 94%) committed 
      Class space:        1.00 GB reserved,       3.63 MB ( <1%) committed 
             Both:        1.03 GB reserved,      31.80 MB (  3%) committed 

Chunk freelists:
   Non-Class:  4.00 KB
       Class:  3.13 KB
        Both:  7.13 KB

CodeHeap 'non-profiled nmethods': size=120064Kb used=1851Kb max_used=1851Kb free=118213Kb
 bounds [0x000002d9598f0000, 0x000002d959b60000, 0x000002d960e30000]
CodeHeap 'profiled nmethods': size=120000Kb used=10837Kb max_used=10837Kb free=109162Kb
 bounds [0x000002d9523c0000, 0x000002d952e60000, 0x000002d9598f0000]
CodeHeap 'non-nmethods': size=5696Kb used=1131Kb max_used=1154Kb free=4564Kb
 bounds [0x000002d951e30000, 0x000002d9520a0000, 0x000002d9523c0000]
 total_blobs=5959 nmethods=4626 adapters=367
 compilation: enabled
              stopped_count=0, restarted_count=0
 full_count=0

Compilation events (10 events):
Event: 2.050 Thread 0x000002d968310000 4635       1       com.sun.tools.javac.code.Symbol$DelegatedSymbol::getUnderlyingSymbol (5 bytes)
Event: 2.050 Thread 0x000002d968310000 nmethod 4635 0x000002d959abe510 code [0x000002d959abe6c0, 0x000002d959abe7d8]
Event: 2.050 Thread 0x000002d968310000 4632       3       com.sun.tools.javac.util.Bits::incl (70 bytes)
Event: 2.051 Thread 0x000002d968310000 nmethod 4632 0x000002d952e52910 code [0x000002d952e52b60, 0x000002d952e53550]
Event: 2.051 Thread 0x000002d968310000 4633       1       com.sun.tools.javac.jvm.Items::makeThisItem (5 bytes)
Event: 2.051 Thread 0x000002d968310000 nmethod 4633 0x000002d959abe890 code [0x000002d959abea40, 0x000002d959abeb58]
Event: 2.051 Thread 0x000002d968310000 4623       3       com.sun.tools.javac.code.Type$StructuralTypeMapping::visitArrayType (7 bytes)
Event: 2.051 Thread 0x000002d968310000 nmethod 4623 0x000002d952e53890 code [0x000002d952e53a40, 0x000002d952e53c50]
Event: 2.051 Thread 0x000002d968310000 4624       3       com.sun.tools.javac.code.Type$StructuralTypeMapping::visitArrayType (43 bytes)
Event: 2.051 Thread 0x000002d968310000 nmethod 4624 0x000002d952e53d10 code [0x000002d952e53f40, 0x000002d952e548c0]

GC Heap History (6 events):
Event: 0.399 GC heap before
{Heap before GC invocations=0 (full 0):
 garbage-first heap   total 131072K, used 21504K [0x0000000081400000, 0x0000000100000000)
  region size 1024K, 22 young (22528K), 0 survivors (0K)
 Metaspace       used 12170K, capacity 12440K, committed 12672K, reserved 1060864K
  class space    used 1250K, capacity 1317K, committed 1408K, reserved 1048576K
}
Event: 0.403 GC heap after
{Heap after GC invocations=1 (full 0):
 garbage-first heap   total 131072K, used 3291K [0x0000000081400000, 0x0000000100000000)
  region size 1024K, 3 young (3072K), 3 survivors (3072K)
 Metaspace       used 12170K, capacity 12440K, committed 12672K, reserved 1060864K
  class space    used 1250K, capacity 1317K, committed 1408K, reserved 1048576K
}
Event: 1.145 GC heap before
{Heap before GC invocations=1 (full 0):
 garbage-first heap   total 131072K, used 68827K [0x0000000081400000, 0x0000000100000000)
  region size 1024K, 68 young (69632K), 3 survivors (3072K)
 Metaspace       used 20792K, capacity 21237K, committed 21296K, reserved 1069056K
  class space    used 2262K, capacity 2421K, committed 2432K, reserved 1048576K
}
Event: 1.155 GC heap after
{Heap after GC invocations=2 (full 0):
 garbage-first heap   total 131072K, used 7096K [0x0000000081400000, 0x0000000100000000)
  region size 1024K, 7 young (7168K), 7 survivors (7168K)
 Metaspace       used 20792K, capacity 21237K, committed 21296K, reserved 1069056K
  class space    used 2262K, capacity 2421K, committed 2432K, reserved 1048576K
}
Event: 1.954 GC heap before
{Heap before GC invocations=3 (full 0):
 garbage-first heap   total 131072K, used 77752K [0x0000000081400000, 0x0000000100000000)
  region size 1024K, 76 young (77824K), 7 survivors (7168K)
 Metaspace       used 31297K, capacity 31979K, committed 32048K, reserved 1077248K
  class space    used 3439K, capacity 3684K, committed 3712K, reserved 1048576K
}
Event: 1.972 GC heap after
{Heap after GC invocations=4 (full 0):
 garbage-first heap   total 131072K, used 16176K [0x0000000081400000, 0x0000000100000000)
  region size 1024K, 10 young (10240K), 10 survivors (10240K)
 Metaspace       used 31297K, capacity 31979K, committed 32048K, reserved 1077248K
  class space    used 3439K, capacity 3684K, committed 3712K, reserved 1048576K
}

Deoptimization events (10 events):
Event: 1.599 Thread 0x000002d949ac5800 Uncommon trap: reason=bimorphic_or_optimized_type_check action=maybe_recompile pc=0x000002d959a1f1d8 method=java.util.regex.Pattern$CharPropertyGreedy.match(Ljava/util/regex/Matcher;ILjava/lang/CharSequence;)Z @ 28 c2
Event: 1.600 Thread 0x000002d949ac5800 Uncommon trap: reason=bimorphic_or_optimized_type_check action=maybe_recompile pc=0x000002d959a1f1d8 method=java.util.regex.Pattern$CharPropertyGreedy.match(Ljava/util/regex/Matcher;ILjava/lang/CharSequence;)Z @ 28 c2
Event: 1.827 Thread 0x000002d949ac5800 Uncommon trap: reason=bimorphic_or_optimized_type_check action=maybe_recompile pc=0x000002d9599f2c74 method=java.util.HashMap.putVal(ILjava/lang/Object;Ljava/lang/Object;ZZ)Ljava/lang/Object; @ 253 c2
Event: 1.828 Thread 0x000002d949ac5800 Uncommon trap: reason=bimorphic_or_optimized_type_check action=maybe_recompile pc=0x000002d9599f2c74 method=java.util.HashMap.putVal(ILjava/lang/Object;Ljava/lang/Object;ZZ)Ljava/lang/Object; @ 253 c2
Event: 1.829 Thread 0x000002d949ac5800 Uncommon trap: reason=bimorphic_or_optimized_type_check action=maybe_recompile pc=0x000002d9599c3834 method=java.util.HashMap.putVal(ILjava/lang/Object;Ljava/lang/Object;ZZ)Ljava/lang/Object; @ 253 c2
Event: 1.904 Thread 0x000002d949ac5800 Uncommon trap: reason=unstable_if action=reinterpret pc=0x000002d959aa477c method=com.sun.tools.javac.code.Scope$ScopeImpl.lookup(Lcom/sun/tools/javac/util/Name;Lcom/sun/tools/javac/util/Filter;)Lcom/sun/tools/javac/code/Scope$Entry; @ 19 c2
Event: 1.949 Thread 0x000002d949ac5800 Uncommon trap: reason=unstable_if action=reinterpret pc=0x000002d959ab11fc method=com.sun.tools.javac.code.Types$15.visitClassType(Lcom/sun/tools/javac/code/Type$ClassType;Ljava/lang/Void;)Lcom/sun/tools/javac/code/Type; @ 43 c2
Event: 1.998 Thread 0x000002d949ac5800 Uncommon trap: reason=unstable_fused_if action=reinterpret pc=0x000002d959a774fc method=com.sun.tools.javac.util.Convert.chars2utf([CI[BII)I @ 28 c2
Event: 2.039 Thread 0x000002d949ac5800 Uncommon trap: reason=unstable_if action=reinterpret pc=0x000002d959ab7564 method=com.sun.tools.javac.code.Types$15.visitClassType(Lcom/sun/tools/javac/code/Type$ClassType;Ljava/lang/Void;)Lcom/sun/tools/javac/code/Type; @ 75 c2
Event: 2.047 Thread 0x000002d949ac5800 Uncommon trap: reason=unstable_if action=reinterpret pc=0x000002d959a6599c method=com.sun.tools.javac.util.IntHashTable.lookup(Ljava/lang/Object;I)I @ 67 c2

Classes redefined (0 events):
No events

Internal exceptions (10 events):
Event: 2.011 Thread 0x000002d949ac5800 Exception <a 'sun/nio/fs/WindowsException'{0x0000000089136118}> (0x0000000089136118) thrown at [t:/workspace/open/src/hotspot/share/prims/jni.cpp, line 615]
Event: 2.017 Thread 0x000002d949ac5800 Exception <a 'sun/nio/fs/WindowsException'{0x0000000089143378}> (0x0000000089143378) thrown at [t:/workspace/open/src/hotspot/share/prims/jni.cpp, line 615]
Event: 2.026 Thread 0x000002d949ac5800 Exception <a 'sun/nio/fs/WindowsException'{0x00000000891f5c20}> (0x00000000891f5c20) thrown at [t:/workspace/open/src/hotspot/share/prims/jni.cpp, line 615]
Event: 2.026 Thread 0x000002d949ac5800 Exception <a 'sun/nio/fs/WindowsException'{0x00000000891f5f20}> (0x00000000891f5f20) thrown at [t:/workspace/open/src/hotspot/share/prims/jni.cpp, line 615]
Event: 2.027 Thread 0x000002d949ac5800 Exception <a 'sun/nio/fs/WindowsException'{0x00000000891fdf30}> (0x00000000891fdf30) thrown at [t:/workspace/open/src/hotspot/share/prims/jni.cpp, line 615]
Event: 2.027 Thread 0x000002d949ac5800 Exception <a 'sun/nio/fs/WindowsException'{0x00000000891fe1f0}> (0x00000000891fe1f0) thrown at [t:/workspace/open/src/hotspot/share/prims/jni.cpp, line 615]
Event: 2.028 Thread 0x000002d949ac5800 Exception <a 'sun/nio/fs/WindowsException'{0x000000008900d9e8}> (0x000000008900d9e8) thrown at [t:/workspace/open/src/hotspot/share/prims/jni.cpp, line 615]
Event: 2.028 Thread 0x000002d949ac5800 Exception <a 'sun/nio/fs/WindowsException'{0x000000008900dce8}> (0x000000008900dce8) thrown at [t:/workspace/open/src/hotspot/share/prims/jni.cpp, line 615]
Event: 2.040 Thread 0x000002d949ac5800 Exception <a 'java/lang/NoSuchMethodError'{0x0000000088ecd080}: java.lang.invoke.DirectMethodHandle$Holder.invokeVirtual(Ljava/lang/Object;Ljava/lang/Object;)V> (0x0000000088ecd080) thrown at [t:/workspace/open/src/hotspot/share/interpreter/linkResolver.c
Event: 2.048 Thread 0x000002d949ac5800 Exception <a 'sun/nio/fs/WindowsException'{0x0000000088d617d0}> (0x0000000088d617d0) thrown at [t:/workspace/open/src/hotspot/share/prims/jni.cpp, line 615]

Events (10 events):
Event: 2.039 Thread 0x000002d949ac5800 DEOPT UNPACKING pc=0x000002d951e58f2f sp=0x000000e7bd3fa820 mode 2
Event: 2.040 loading class com/sun/tools/javac/comp/ArgumentAttr$LocalCacheContext
Event: 2.040 loading class com/sun/tools/javac/comp/ArgumentAttr$LocalCacheContext done
Event: 2.042 loading class com/sun/tools/javac/tree/JCTree$JCTypeCast
Event: 2.042 loading class com/sun/tools/javac/tree/JCTree$JCTypeCast done
Event: 2.042 loading class com/sun/tools/javac/comp/Check
Event: 2.042 loading class com/sun/tools/javac/comp/Check done
Event: 2.047 Thread 0x000002d949ac5800 Uncommon trap: trap_request=0xffffff4d fr.pc=0x000002d959a6599c relative=0x00000000000000fc
Event: 2.047 Thread 0x000002d949ac5800 DEOPT PACKING pc=0x000002d959a6599c sp=0x000000e7bd3fc400
Event: 2.047 Thread 0x000002d949ac5800 DEOPT UNPACKING pc=0x000002d951e58f2f sp=0x000000e7bd3fc368 mode 2


Dynamic libraries:
0x00007ff6050c0000 - 0x00007ff605107000 	E:\JDK\bin\java.exe
0x00007ffd9a1e0000 - 0x00007ffd9a3d0000 	C:\WINDOWS\SYSTEM32\ntdll.dll
0x00007ffd983a0000 - 0x00007ffd98452000 	C:\WINDOWS\System32\KERNEL32.DLL
0x00007ffd97520000 - 0x00007ffd977c3000 	C:\WINDOWS\System32\KERNELBASE.dll
0x00007ffd98290000 - 0x00007ffd98333000 	C:\WINDOWS\System32\ADVAPI32.dll
0x00007ffd98570000 - 0x00007ffd9860e000 	C:\WINDOWS\System32\msvcrt.dll
0x00007ffd99b20000 - 0x00007ffd99bb7000 	C:\WINDOWS\System32\sechost.dll
0x00007ffd99830000 - 0x00007ffd99950000 	C:\WINDOWS\System32\RPCRT4.dll
0x00007ffd99d40000 - 0x00007ffd99ed4000 	C:\WINDOWS\System32\USER32.dll
0x00007ffd978c0000 - 0x00007ffd978e1000 	C:\WINDOWS\System32\win32u.dll
0x00007ffd99bc0000 - 0x00007ffd99be6000 	C:\WINDOWS\System32\GDI32.dll
0x00007ffd98070000 - 0x00007ffd98204000 	C:\WINDOWS\System32\gdi32full.dll
0x00007ffd97820000 - 0x00007ffd978be000 	C:\WINDOWS\System32\msvcp_win.dll
0x00007ffd97420000 - 0x00007ffd9751a000 	C:\WINDOWS\System32\ucrtbase.dll
0x00007ffd88d20000 - 0x00007ffd88fa5000 	C:\WINDOWS\WinSxS\amd64_microsoft.windows.common-controls_6595b64144ccf1df_6.0.18362.476_none_e6c4b11b130f2595\COMCTL32.dll
0x00007ffd91060000 - 0x00007ffd9106a000 	C:\WINDOWS\SYSTEM32\VERSION.dll
0x00007ffd98770000 - 0x00007ffd98aa6000 	C:\WINDOWS\System32\combase.dll
0x00007ffd973a0000 - 0x00007ffd97420000 	C:\WINDOWS\System32\bcryptPrimitives.dll
0x00007ffd99f40000 - 0x00007ffd99f6e000 	C:\WINDOWS\System32\IMM32.DLL
0x00007ffd90300000 - 0x00007ffd90316000 	E:\JDK\bin\vcruntime140.dll
0x00007ffd742a0000 - 0x00007ffd7434a000 	E:\JDK\bin\msvcp140.dll
0x00007ffd57340000 - 0x00007ffd57e68000 	E:\JDK\bin\server\jvm.dll
0x00007ffd99d30000 - 0x00007ffd99d38000 	C:\WINDOWS\System32\PSAPI.DLL
0x00007ffd90320000 - 0x00007ffd90329000 	C:\WINDOWS\SYSTEM32\WSOCK32.dll
0x00007ffd99ab0000 - 0x00007ffd99b1f000 	C:\WINDOWS\System32\WS2_32.dll
0x00007ffd93d70000 - 0x00007ffd93d94000 	C:\WINDOWS\SYSTEM32\WINMM.dll
0x00007ffd93d40000 - 0x00007ffd93d6d000 	C:\WINDOWS\SYSTEM32\WINMMBASE.dll
0x00007ffd977d0000 - 0x00007ffd9781a000 	C:\WINDOWS\System32\cfgmgr32.dll
0x00007ffd970e0000 - 0x00007ffd970f1000 	C:\WINDOWS\System32\kernel.appcore.dll
0x00007ffd90270000 - 0x00007ffd90281000 	E:\JDK\bin\verify.dll
0x00007ffd8a180000 - 0x00007ffd8a374000 	C:\WINDOWS\SYSTEM32\DBGHELP.DLL
0x00007ffd84ae0000 - 0x00007ffd84b0a000 	C:\WINDOWS\SYSTEM32\dbgcore.DLL
0x00007ffd90290000 - 0x00007ffd902b9000 	E:\JDK\bin\java.dll
0x00007ffd8e0f0000 - 0x00007ffd8e106000 	E:\JDK\bin\zip.dll
0x00007ffd87b10000 - 0x00007ffd87b1a000 	E:\JDK\bin\jimage.dll
0x00007ffd98cc0000 - 0x00007ffd993a5000 	C:\WINDOWS\System32\SHELL32.dll
0x00007ffd99950000 - 0x00007ffd999f9000 	C:\WINDOWS\System32\shcore.dll
0x00007ffd978f0000 - 0x00007ffd9806e000 	C:\WINDOWS\System32\windows.storage.dll
0x00007ffd970c0000 - 0x00007ffd970df000 	C:\WINDOWS\System32\profapi.dll
0x00007ffd97100000 - 0x00007ffd9714a000 	C:\WINDOWS\System32\powrprof.dll
0x00007ffd970b0000 - 0x00007ffd970c0000 	C:\WINDOWS\System32\UMPDC.dll
0x00007ffd98340000 - 0x00007ffd98392000 	C:\WINDOWS\System32\shlwapi.dll
0x00007ffd98270000 - 0x00007ffd98287000 	C:\WINDOWS\System32\cryptsp.dll
0x00007ffd7e8c0000 - 0x00007ffd7e8d9000 	E:\JDK\bin\net.dll
0x00007ffd8da80000 - 0x00007ffd8db70000 	C:\WINDOWS\SYSTEM32\WINHTTP.dll
0x00007ffd96920000 - 0x00007ffd96987000 	C:\WINDOWS\system32\mswsock.dll
0x00007ffd7e830000 - 0x00007ffd7e843000 	E:\JDK\bin\nio.dll

dbghelp: loaded successfully - version: 4.0.5 - missing functions: none
symbol engine: initialized successfully - sym options: 0x614 - pdb path: .;E:\JDK\bin;C:\WINDOWS\SYSTEM32;C:\WINDOWS\WinSxS\amd64_microsoft.windows.common-controls_6595b64144ccf1df_6.0.18362.476_none_e6c4b11b130f2595;E:\JDK\bin\server

VM Arguments:
jvm_args: -Dclassworlds.conf=E:\NetBeans-11.2\netbeans\java\maven\bin\m2.conf -Dmaven.home=E:\NetBeans-11.2\netbeans\java\maven -Dmaven.multiModuleProjectDirectory=C:\Users\User\Documents\GitHub\ProjetoPOO 
java_command: org.codehaus.plexus.classworlds.launcher.Launcher -Dexec.args=-classpath %classpath com.mycompany.projetopoo.CISUC -Dexec.executable=E:\JDK\bin\java.exe -Dmaven.ext.class.path=E:\NetBeans-11.2\netbeans\java\maven-nblib\netbeans-eventspy.jar -Dfile.encoding=UTF-8 process-classes org.codehaus.mojo:exec-maven-plugin:1.5.0:exec
java_class_path (initial): E:\NetBeans-11.2\netbeans\java\maven\boot\plexus-classworlds-2.5.2.jar
Launcher Type: SUN_STANDARD

[Global flags]
     intx CICompilerCount                          = 3                                         {product} {ergonomic}
     uint ConcGCThreads                            = 2                                         {product} {ergonomic}
     uint G1ConcRefinementThreads                  = 6                                         {product} {ergonomic}
   size_t G1HeapRegionSize                         = 1048576                                   {product} {ergonomic}
    uintx GCDrainStackTargetSize                   = 64                                        {product} {ergonomic}
   size_t InitialHeapSize                          = 134217728                                 {product} {ergonomic}
   size_t MarkStackSize                            = 4194304                                   {product} {ergonomic}
   size_t MaxHeapSize                              = 2126512128                                {product} {ergonomic}
   size_t MaxNewSize                               = 1275068416                                {product} {ergonomic}
   size_t MinHeapDeltaBytes                        = 1048576                                   {product} {ergonomic}
    uintx NonNMethodCodeHeapSize                   = 5830732                                {pd product} {ergonomic}
    uintx NonProfiledCodeHeapSize                  = 122913754                              {pd product} {ergonomic}
    uintx ProfiledCodeHeapSize                     = 122913754                              {pd product} {ergonomic}
    uintx ReservedCodeCacheSize                    = 251658240                              {pd product} {ergonomic}
     bool SegmentedCodeCache                       = true                                      {product} {ergonomic}
     bool UseCompressedClassPointers               = true                                 {lp64_product} {ergonomic}
     bool UseCompressedOops                        = true                                 {lp64_product} {ergonomic}
     bool UseG1GC                                  = true                                      {product} {ergonomic}
     bool UseLargePagesIndividualAllocation        = false                                  {pd product} {ergonomic}

Logging:
Log output configuration:
 #0: stdout all=warning uptime,level,tags
 #1: stderr all=off uptime,level,tags

Environment Variables:
JAVA_HOME=E:\JDK
PATH=C:\Program Files (x86)\NVIDIA Corporation\PhysX\Common;C:\Program Files (x86)\Razer Chroma SDK\bin;C:\Program Files\Razer Chroma SDK\bin;C:\Program Files (x86)\Intel\Intel(R) Management Engine Components\iCLS\;C:\Program Files\Intel\Intel(R) Management Engine Components\iCLS\;C:\Program Files (x86)\Common Files\Oracle\Java\javapath;C:\Windows\system32;C:\Windows;C:\Windows\System32\Wbem;C:\Windows\System32\WindowsPowerShell\v1.0\;C:\Program Files (x86)\Intel\Intel(R) Management Engine Components\DAL;C:\Program Files\Intel\Intel(R) Management Engine Components\DAL;C:\Program Files (x86)\Intel\Intel(R) Management Engine Components\IPT;C:\Program Files\Intel\Intel(R) Management Engine Components\IPT;C:\Users\User\AppData\Local\Microsoft\WindowsApps;C:\WINDOWS\system32;C:\WINDOWS;C:\WINDOWS\System32\Wbem;C:\WINDOWS\System32\WindowsPowerShell\v1.0\;C:\WINDOWS\System32\OpenSSH\;C:\Program Files\PuTTY\;C:\Users\User\AppData\Local\Microsoft\WindowsApps;E:\Microsoft VS Code\bin;C:\Users\User\AppData\Local\GitHubDesktop\bin
USERNAME=User
OS=Windows_NT
PROCESSOR_IDENTIFIER=Intel64 Family 6 Model 158 Stepping 10, GenuineIntel



---------------  S Y S T E M  ---------------

OS: Windows 10 , 64 bit Build 18362 (10.0.18362.329)

CPU:total 6 (initial active 6) (6 cores per cpu, 1 threads per core) family 6 model 158 stepping 10, cmov, cx8, fxsr, mmx, sse, sse2, sse3, ssse3, sse4.1, sse4.2, popcnt, avx, avx2, aes, clmul, erms, rtm, 3dnowpref, lzcnt, tsc, tscinvbit, bmi1, bmi2, adx, fma

Memory: 4k page, system-wide physical 8108M (518M free)
TotalPageFile size 22415M (AvailPageFile size 2M)
current process WorkingSet (physical memory assigned to process): 207M, peak: 207M
current process commit charge ("private bytes"): 275M, peak: 275M

vm_info: Java HotSpot(TM) 64-Bit Server VM (11.0.5+10-LTS) for windows-amd64 JRE (11.0.5+10-LTS), built on Oct  6 2019 12:37:14 by "mach5one" with MS VC++ 15.5 (VS2017)

END.
